Using pre-set license
Built from '2021.3/staging' branch; Version is '2021.3.6f1 (7da38d85baf6) revision 8233869'; Using compiler version '192829333'; Build Type 'Release'
OS: 'Windows 11  (10.0.22000) 64bit Core' Language: 'fr' Physical Memory: 16147 MB
BatchMode: 1, IsHumanControllingUs: 0, StartBugReporterOnCrash: 0, Is64bit: 1, IsPro: 1

COMMAND LINE ARGUMENTS:
C:\Program Files\Unity 2021.3.6f1\Editor\Unity.exe
-adb2
-batchMode
-noUpm
-name
AssetImportWorker0
-projectPath
C:/Users/fanta/Unity projects/Auditorium-IMB
-logFile
Logs/AssetImportWorker0.log
-srvPort
53819
Successfully changed project path to: C:/Users/fanta/Unity projects/Auditorium-IMB
C:/Users/fanta/Unity projects/Auditorium-IMB
[UnityMemory] Configuration Parameters - Can be set up in boot.config
    "memorysetup-bucket-allocator-granularity=16"
    "memorysetup-bucket-allocator-bucket-count=8"
    "memorysetup-bucket-allocator-block-size=33554432"
    "memorysetup-bucket-allocator-block-count=8"
    "memorysetup-main-allocator-block-size=16777216"
    "memorysetup-thread-allocator-block-size=16777216"
    "memorysetup-gfx-main-allocator-block-size=16777216"
    "memorysetup-gfx-thread-allocator-block-size=16777216"
    "memorysetup-cache-allocator-block-size=4194304"
    "memorysetup-typetree-allocator-block-size=2097152"
    "memorysetup-profiler-bucket-allocator-granularity=16"
    "memorysetup-profiler-bucket-allocator-bucket-count=8"
    "memorysetup-profiler-bucket-allocator-block-size=33554432"
    "memorysetup-profiler-bucket-allocator-block-count=8"
    "memorysetup-profiler-allocator-block-size=16777216"
    "memorysetup-profiler-editor-allocator-block-size=1048576"
    "memorysetup-temp-allocator-size-main=16777216"
    "memorysetup-job-temp-allocator-block-size=2097152"
    "memorysetup-job-temp-allocator-block-size-background=1048576"
    "memorysetup-job-temp-allocator-reduction-small-platforms=262144"
    "memorysetup-temp-allocator-size-background-worker=32768"
    "memorysetup-temp-allocator-size-job-worker=262144"
    "memorysetup-temp-allocator-size-preload-manager=33554432"
    "memorysetup-temp-allocator-size-nav-mesh-worker=65536"
    "memorysetup-temp-allocator-size-audio-worker=65536"
    "memorysetup-temp-allocator-size-cloud-worker=32768"
    "memorysetup-temp-allocator-size-gi-baking-worker=262144"
    "memorysetup-temp-allocator-size-gfx=262144"
Refreshing native plugins compatible for Editor in 87.99 ms, found 3 plugins.
Preloading 0 native plugins for Editor in 0.00 ms.
Initialize engine version: 2021.3.6f1 (7da38d85baf6)
[Subsystems] Discovering subsystems at path C:/Program Files/Unity 2021.3.6f1/Editor/Data/Resources/UnitySubsystems
[Subsystems] Discovering subsystems at path C:/Users/fanta/Unity projects/Auditorium-IMB/Assets
GfxDevice: creating device client; threaded=0; jobified=0
Direct3D:
    Version:  Direct3D 11.0 [level 11.1]
    Renderer: NVIDIA GeForce RTX 3050 Laptop GPU (ID=0x25a2)
    Vendor:   NVIDIA
    VRAM:     3991 MB
    Driver:   27.21.14.6262
Initialize mono
Mono path[0] = 'C:/Program Files/Unity 2021.3.6f1/Editor/Data/Managed'
Mono path[1] = 'C:/Program Files/Unity 2021.3.6f1/Editor/Data/MonoBleedingEdge/lib/mono/unityjit-win32'
Mono config path = 'C:/Program Files/Unity 2021.3.6f1/Editor/Data/MonoBleedingEdge/etc'
Using monoOptions --debugger-agent=transport=dt_socket,embedding=1,server=y,suspend=n,address=127.0.0.1:56816
Begin MonoManager ReloadAssembly
Registering precompiled unity dll's ...
Register platform support module: C:/Program Files/Unity 2021.3.6f1/Editor/Data/PlaybackEngines/WebGLSupport/UnityEditor.WebGL.Extensions.dll
Register platform support module: C:/Program Files/Unity 2021.3.6f1/Editor/Data/PlaybackEngines/WindowsStandaloneSupport/UnityEditor.WindowsStandalone.Extensions.dll
Registered in 0.005030 seconds.
Native extension for WindowsStandalone target not found
Native extension for WebGL target not found
Refreshing native plugins compatible for Editor in 146.76 ms, found 3 plugins.
Preloading 0 native plugins for Editor in 0.00 ms.
Mono: successfully reloaded assembly
- Completed reload, in  1.412 seconds
Domain Reload Profiling:
	ReloadAssembly (1412ms)
		BeginReloadAssembly (391ms)
			ExecutionOrderSort (0ms)
			DisableScriptedObjects (0ms)
			BackupInstance (0ms)
			ReleaseScriptingObjects (0ms)
			CreateAndSetChildDomain (1ms)
		EndReloadAssembly (858ms)
			LoadAssemblies (390ms)
			RebuildTransferFunctionScriptingTraits (0ms)
			SetupTypeCache (211ms)
			ReleaseScriptCaches (0ms)
			RebuildScriptCaches (98ms)
			SetupLoadedEditorAssemblies (427ms)
				LogAssemblyErrors (0ms)
				InitializePlatformSupportModulesInManaged (11ms)
				SetLoadedEditorAssemblies (0ms)
				RefreshPlugins (147ms)
				BeforeProcessingInitializeOnLoad (2ms)
				ProcessInitializeOnLoadAttributes (199ms)
				ProcessInitializeOnLoadMethodAttributes (67ms)
				AfterProcessingInitializeOnLoad (0ms)
				EditorAssembliesLoaded (0ms)
			ExecutionOrderSort2 (0ms)
			AwakeInstancesAfterBackupRestoration (0ms)
Platform modules already initialized, skipping
Registering precompiled user dll's ...
Registered in 0.015443 seconds.
Begin MonoManager ReloadAssembly
Symbol file LoadedFromMemory doesn't match image C:\Users\fanta\Unity projects\Auditorium-IMB\Library\PackageCache\com.unity.visualscripting@1.7.8\Editor\VisualScripting.Core\Dependencies\YamlDotNet\Unity.VisualScripting.YamlDotNet.dll
Symbol file LoadedFromMemory doesn't match image C:\Users\fanta\Unity projects\Auditorium-IMB\Library\PackageCache\com.unity.visualscripting@1.7.8\Editor\VisualScripting.Core\Dependencies\DotNetZip\Unity.VisualScripting.IonicZip.dll
Native extension for WindowsStandalone target not found
Native extension for WebGL target not found
Refreshing native plugins compatible for Editor in 0.58 ms, found 3 plugins.
Preloading 0 native plugins for Editor in 0.00 ms.
Mono: successfully reloaded assembly
- Completed reload, in  1.038 seconds
Domain Reload Profiling:
	ReloadAssembly (1039ms)
		BeginReloadAssembly (96ms)
			ExecutionOrderSort (0ms)
			DisableScriptedObjects (5ms)
			BackupInstance (0ms)
			ReleaseScriptingObjects (0ms)
			CreateAndSetChildDomain (19ms)
		EndReloadAssembly (831ms)
			LoadAssemblies (79ms)
			RebuildTransferFunctionScriptingTraits (0ms)
			SetupTypeCache (251ms)
			ReleaseScriptCaches (1ms)
			RebuildScriptCaches (64ms)
			SetupLoadedEditorAssemblies (372ms)
				LogAssemblyErrors (0ms)
				InitializePlatformSupportModulesInManaged (6ms)
				SetLoadedEditorAssemblies (0ms)
				RefreshPlugins (1ms)
				BeforeProcessingInitializeOnLoad (95ms)
				ProcessInitializeOnLoadAttributes (238ms)
				ProcessInitializeOnLoadMethodAttributes (27ms)
				AfterProcessingInitializeOnLoad (5ms)
				EditorAssembliesLoaded (0ms)
			ExecutionOrderSort2 (0ms)
			AwakeInstancesAfterBackupRestoration (5ms)
Platform modules already initialized, skipping
========================================================================
Worker process is ready to serve import requests
Launched and connected shader compiler UnityShaderCompiler.exe after 0.04 seconds
Refreshing native plugins compatible for Editor in 0.50 ms, found 3 plugins.
Preloading 0 native plugins for Editor in 0.00 ms.
Unloading 3375 Unused Serialized files (Serialized files now loaded: 0)
Unloading 27 unused Assets / (111.1 KB). Loaded Objects now: 3833.
Memory consumption went from 116.1 MB to 116.0 MB.
Total: 3.168800 ms (FindLiveObjects: 0.301300 ms CreateObjectMapping: 0.121000 ms MarkObjects: 2.636500 ms  DeleteObjects: 0.109000 ms)

AssetImportParameters requested are different than current active one (requested -> active):
  custom:video-decoder-ogg-theora: a1e56fd34408186e4bbccfd4996cb3dc -> 
  custom:container-muxer-webm: aa71ff27fc2769a1b78a27578f13a17b -> 
  custom:container-demuxer-webm: 4f35f7cbe854078d1ac9338744f61a02 -> 
  custom:video-encoder-webm-vp8: eb34c28f22e8b96e1ab97ce403110664 -> 
  custom:audio-encoder-webm-vorbis: bf7c407c2cedff20999df2af8eb42d56 -> 
  custom:framework-win-MediaFoundation: 216162199b28c13a410421893ffa2e32 -> 
  custom:container-demuxer-ogg: 62fdf1f143b41e24485cea50d1cbac27 -> 
  custom:video-decoder-webm-vp8: 9c59270c3fd7afecdb556c50c9e8de78 -> 
  custom:audio-decoder-ogg-vorbis: bf7c407c2cedff20999df2af8eb42d56 -> 
========================================================================
Received Import Request.
  Time since last request: 1190416.787555 seconds.
  path: Assets/Sprites
  artifactKey: Guid(b31bfe622b44cee45a3c2f21a8d9ed03) Importer(815301076,1909f56bfc062723c751e8b465ee728b)
Start importing Assets/Sprites using Guid(b31bfe622b44cee45a3c2f21a8d9ed03) Importer(815301076,1909f56bfc062723c751e8b465ee728b)  -> (artifact id: '89fe6d954553d47c8d217b25f96f8f42') in 0.008585 seconds 
========================================================================
Received Import Request.
  Time since last request: 1.596693 seconds.
  path: Assets/Sprites/UI
  artifactKey: Guid(0bdbebb892093824e85979df82935ac1) Importer(815301076,1909f56bfc062723c751e8b465ee728b)
Start importing Assets/Sprites/UI using Guid(0bdbebb892093824e85979df82935ac1) Importer(815301076,1909f56bfc062723c751e8b465ee728b)  -> (artifact id: '0ff2dfed5dfe24bde1ddacac6656e1a1') in 0.002093 seconds 
========================================================================
Received Import Request.
  Time since last request: 0.000021 seconds.
  path: Assets/Sprites/UI/icon_move.png
  artifactKey: Guid(7a9a0dd7570af2745a00bd060fbda302) Importer(815301076,1909f56bfc062723c751e8b465ee728b)
Start importing Assets/Sprites/UI/icon_move.png using Guid(7a9a0dd7570af2745a00bd060fbda302) Importer(815301076,1909f56bfc062723c751e8b465ee728b)  -> (artifact id: '8c51af68c230c00af09a02e32f547826') in 0.136235 seconds 
========================================================================
Received Import Request.
  Time since last request: 189.238855 seconds.
  path: Assets/Scripts/Editor
  artifactKey: Guid(4afe8103c06a70848a0333093aff0a09) Importer(815301076,1909f56bfc062723c751e8b465ee728b)
Start importing Assets/Scripts/Editor using Guid(4afe8103c06a70848a0333093aff0a09) Importer(815301076,1909f56bfc062723c751e8b465ee728b)  -> (artifact id: 'c30db019fd75734c8300ea4e48a8b5bc') in 0.002228 seconds 
========================================================================
Received Import Request.
  Time since last request: 0.739539 seconds.
  path: Assets/Scripts/CircleShape.cs
  artifactKey: Guid(9c050bcf5e535e646bd9f48d2a1283f6) Importer(815301076,1909f56bfc062723c751e8b465ee728b)
Start importing Assets/Scripts/CircleShape.cs using Guid(9c050bcf5e535e646bd9f48d2a1283f6) Importer(815301076,1909f56bfc062723c751e8b465ee728b)  -> (artifact id: '0d63e80b63881dd2ea4d2518aa6e9f96') in 0.005561 seconds 
========================================================================
Received Import Request.
  Time since last request: 810.359437 seconds.
  path: Assets/AreaEffector.prefab
  artifactKey: Guid(ac85c0d5a38835b4cacf5c80c84be6c5) Importer(815301076,1909f56bfc062723c751e8b465ee728b)
Start importing Assets/AreaEffector.prefab using Guid(ac85c0d5a38835b4cacf5c80c84be6c5) Importer(815301076,1909f56bfc062723c751e8b465ee728b)  -> (artifact id: '4397050f4e5072c3661e6b77564afb31') in 0.067988 seconds 
========================================================================
Received Import Request.
  Time since last request: 7.207516 seconds.
  path: Assets/Particle Generator.prefab
  artifactKey: Guid(f04f52c9872aa6040a054e787a07461f) Importer(815301076,1909f56bfc062723c751e8b465ee728b)
Start importing Assets/Particle Generator.prefab using Guid(f04f52c9872aa6040a054e787a07461f) Importer(815301076,1909f56bfc062723c751e8b465ee728b) Tried select unknown importer for id '-2' '00000000000000000000000000000000'
 -> (artifact id: '5eb09f62d306d51d392c13a2b68b4340') in 0.019804 seconds 
========================================================================
Received Import Request.
  Time since last request: 54.729361 seconds.
  path: Assets/AreaEffector.prefab
  artifactKey: Guid(ac85c0d5a38835b4cacf5c80c84be6c5) Importer(815301076,1909f56bfc062723c751e8b465ee728b)
Start importing Assets/AreaEffector.prefab using Guid(ac85c0d5a38835b4cacf5c80c84be6c5) Importer(815301076,1909f56bfc062723c751e8b465ee728b)  -> (artifact id: '17abd4ac69dd5867baab2822cbec240c') in 0.008217 seconds 
========================================================================
Received Import Request.
  Time since last request: 22.034148 seconds.
  path: Assets/AreaEffector.prefab
  artifactKey: Guid(ac85c0d5a38835b4cacf5c80c84be6c5) Importer(815301076,1909f56bfc062723c751e8b465ee728b)
Start importing Assets/AreaEffector.prefab using Guid(ac85c0d5a38835b4cacf5c80c84be6c5) Importer(815301076,1909f56bfc062723c751e8b465ee728b)  -> (artifact id: 'a5fffa5801a7eeb08f5c3f5193e1e291') in 0.008637 seconds 
========================================================================
Received Import Request.
  Time since last request: 2.577174 seconds.
  path: Assets/AreaEffector.prefab
  artifactKey: Guid(ac85c0d5a38835b4cacf5c80c84be6c5) Importer(815301076,1909f56bfc062723c751e8b465ee728b)
Start importing Assets/AreaEffector.prefab using Guid(ac85c0d5a38835b4cacf5c80c84be6c5) Importer(815301076,1909f56bfc062723c751e8b465ee728b)  -> (artifact id: 'e6bf38826d9214b9bfbd6e3142a6a75c') in 0.008499 seconds 
========================================================================
Received Import Request.
  Time since last request: 7.321348 seconds.
  path: Assets/AreaEffector.prefab
  artifactKey: Guid(ac85c0d5a38835b4cacf5c80c84be6c5) Importer(815301076,1909f56bfc062723c751e8b465ee728b)
Start importing Assets/AreaEffector.prefab using Guid(ac85c0d5a38835b4cacf5c80c84be6c5) Importer(815301076,1909f56bfc062723c751e8b465ee728b)  -> (artifact id: '7da15ea817c21fb2bfebed8c43fa5445') in 0.008250 seconds 
========================================================================
Received Import Request.
  Time since last request: 2.013878 seconds.
  path: Assets/AreaEffector.prefab
  artifactKey: Guid(ac85c0d5a38835b4cacf5c80c84be6c5) Importer(815301076,1909f56bfc062723c751e8b465ee728b)
Start importing Assets/AreaEffector.prefab using Guid(ac85c0d5a38835b4cacf5c80c84be6c5) Importer(815301076,1909f56bfc062723c751e8b465ee728b)  -> (artifact id: '291f4e14c7f1b24c30bff1437ef29051') in 0.008903 seconds 
========================================================================
Received Import Request.
  Time since last request: 38.138753 seconds.
  path: Assets/AreaEffector.prefab
  artifactKey: Guid(ac85c0d5a38835b4cacf5c80c84be6c5) Importer(815301076,1909f56bfc062723c751e8b465ee728b)
Start importing Assets/AreaEffector.prefab using Guid(ac85c0d5a38835b4cacf5c80c84be6c5) Importer(815301076,1909f56bfc062723c751e8b465ee728b)  -> (artifact id: '56dfc6ceec20f49504a6b020d73510f3') in 0.009478 seconds 
========================================================================
Received Import Request.
  Time since last request: 94.352953 seconds.
  path: Assets/AreaEffector.prefab
  artifactKey: Guid(ac85c0d5a38835b4cacf5c80c84be6c5) Importer(815301076,1909f56bfc062723c751e8b465ee728b)
Start importing Assets/AreaEffector.prefab using Guid(ac85c0d5a38835b4cacf5c80c84be6c5) Importer(815301076,1909f56bfc062723c751e8b465ee728b)  -> (artifact id: 'fe5698b466e0e7ea1b0334cfd4d223c4') in 0.010985 seconds 
========================================================================
Received Import Request.
  Time since last request: 12.688080 seconds.
  path: Assets/AreaEffector.prefab
  artifactKey: Guid(ac85c0d5a38835b4cacf5c80c84be6c5) Importer(815301076,1909f56bfc062723c751e8b465ee728b)
Start importing Assets/AreaEffector.prefab using Guid(ac85c0d5a38835b4cacf5c80c84be6c5) Importer(815301076,1909f56bfc062723c751e8b465ee728b)  -> (artifact id: '77a597e77d13f8fd217795f5ae4a8228') in 0.009013 seconds 
========================================================================
Received Import Request.
  Time since last request: 4.062000 seconds.
  path: Assets/AreaEffector.prefab
  artifactKey: Guid(ac85c0d5a38835b4cacf5c80c84be6c5) Importer(815301076,1909f56bfc062723c751e8b465ee728b)
Start importing Assets/AreaEffector.prefab using Guid(ac85c0d5a38835b4cacf5c80c84be6c5) Importer(815301076,1909f56bfc062723c751e8b465ee728b)  -> (artifact id: 'f3f69e2a9ef699f75ec639ed0ab59a6b') in 0.011409 seconds 
========================================================================
Received Import Request.
  Time since last request: 169.437571 seconds.
  path: Assets/AreaEffector.prefab
  artifactKey: Guid(ac85c0d5a38835b4cacf5c80c84be6c5) Importer(815301076,1909f56bfc062723c751e8b465ee728b)
Start importing Assets/AreaEffector.prefab using Guid(ac85c0d5a38835b4cacf5c80c84be6c5) Importer(815301076,1909f56bfc062723c751e8b465ee728b)  -> (artifact id: '234be7c01e792ec24c800452cf6a8bd7') in 0.012587 seconds 
========================================================================
Received Prepare
Registering precompiled user dll's ...
Registered in 0.003801 seconds.
Begin MonoManager ReloadAssembly
Symbol file LoadedFromMemory doesn't match image C:\Users\fanta\Unity projects\Auditorium-IMB\Library\PackageCache\com.unity.visualscripting@1.7.8\Editor\VisualScripting.Core\Dependencies\YamlDotNet\Unity.VisualScripting.YamlDotNet.dll
Symbol file LoadedFromMemory doesn't match image C:\Users\fanta\Unity projects\Auditorium-IMB\Library\PackageCache\com.unity.visualscripting@1.7.8\Editor\VisualScripting.Core\Dependencies\DotNetZip\Unity.VisualScripting.IonicZip.dll
Native extension for WindowsStandalone target not found
Native extension for WebGL target not found
Refreshing native plugins compatible for Editor in 0.57 ms, found 3 plugins.
Preloading 0 native plugins for Editor in 0.00 ms.
Mono: successfully reloaded assembly
- Completed reload, in  0.825 seconds
Domain Reload Profiling:
	ReloadAssembly (825ms)
		BeginReloadAssembly (115ms)
			ExecutionOrderSort (0ms)
			DisableScriptedObjects (4ms)
			BackupInstance (0ms)
			ReleaseScriptingObjects (0ms)
			CreateAndSetChildDomain (40ms)
		EndReloadAssembly (637ms)
			LoadAssemblies (64ms)
			RebuildTransferFunctionScriptingTraits (0ms)
			SetupTypeCache (204ms)
			ReleaseScriptCaches (1ms)
			RebuildScriptCaches (31ms)
			SetupLoadedEditorAssemblies (291ms)
				LogAssemblyErrors (0ms)
				InitializePlatformSupportModulesInManaged (13ms)
				SetLoadedEditorAssemblies (0ms)
				RefreshPlugins (1ms)
				BeforeProcessingInitializeOnLoad (57ms)
				ProcessInitializeOnLoadAttributes (189ms)
				ProcessInitializeOnLoadMethodAttributes (25ms)
				AfterProcessingInitializeOnLoad (5ms)
				EditorAssembliesLoaded (0ms)
			ExecutionOrderSort2 (0ms)
			AwakeInstancesAfterBackupRestoration (5ms)
Platform modules already initialized, skipping
Refreshing native plugins compatible for Editor in 1.58 ms, found 3 plugins.
Preloading 0 native plugins for Editor in 0.00 ms.
Unloading 3370 Unused Serialized files (Serialized files now loaded: 0)
Unloading 21 unused Assets / (79.0 KB). Loaded Objects now: 3847.
Memory consumption went from 120.6 MB to 120.5 MB.
Total: 2.581700 ms (FindLiveObjects: 0.222000 ms CreateObjectMapping: 0.086800 ms MarkObjects: 2.167100 ms  DeleteObjects: 0.104500 ms)

AssetImportParameters requested are different than current active one (requested -> active):
  custom:video-decoder-ogg-theora: a1e56fd34408186e4bbccfd4996cb3dc -> 
  custom:container-muxer-webm: aa71ff27fc2769a1b78a27578f13a17b -> 
  custom:container-demuxer-webm: 4f35f7cbe854078d1ac9338744f61a02 -> 
  custom:video-encoder-webm-vp8: eb34c28f22e8b96e1ab97ce403110664 -> 
  custom:audio-encoder-webm-vorbis: bf7c407c2cedff20999df2af8eb42d56 -> 
  custom:framework-win-MediaFoundation: 216162199b28c13a410421893ffa2e32 -> 
  custom:container-demuxer-ogg: 62fdf1f143b41e24485cea50d1cbac27 -> 
  custom:video-decoder-webm-vp8: 9c59270c3fd7afecdb556c50c9e8de78 -> 
  custom:audio-decoder-ogg-vorbis: bf7c407c2cedff20999df2af8eb42d56 -> 
========================================================================
Received Import Request.
  Time since last request: 44.279581 seconds.
  path: Assets/AreaEffector.prefab
  artifactKey: Guid(ac85c0d5a38835b4cacf5c80c84be6c5) Importer(815301076,1909f56bfc062723c751e8b465ee728b)
Start importing Assets/AreaEffector.prefab using Guid(ac85c0d5a38835b4cacf5c80c84be6c5) Importer(815301076,1909f56bfc062723c751e8b465ee728b)  -> (artifact id: '0d14640a77dc2b967ba89fc9557362d8') in 0.058641 seconds 
========================================================================
Received Import Request.
  Time since last request: 141.866695 seconds.
  path: Assets/AreaEffector.prefab
  artifactKey: Guid(ac85c0d5a38835b4cacf5c80c84be6c5) Importer(815301076,1909f56bfc062723c751e8b465ee728b)
Start importing Assets/AreaEffector.prefab using Guid(ac85c0d5a38835b4cacf5c80c84be6c5) Importer(815301076,1909f56bfc062723c751e8b465ee728b)  -> (artifact id: '12b0a805a52e7ade13f913a27d3c8ff2') in 0.010463 seconds 
========================================================================
Received Import Request.
  Time since last request: 13.547722 seconds.
  path: Assets/AreaEffector.prefab
  artifactKey: Guid(ac85c0d5a38835b4cacf5c80c84be6c5) Importer(815301076,1909f56bfc062723c751e8b465ee728b)
Start importing Assets/AreaEffector.prefab using Guid(ac85c0d5a38835b4cacf5c80c84be6c5) Importer(815301076,1909f56bfc062723c751e8b465ee728b)  -> (artifact id: 'eee7bae6ebb3dadfac529f99cffd64a1') in 0.009473 seconds 
========================================================================
Received Import Request.
  Time since last request: 15.485939 seconds.
  path: Assets/AreaEffector.prefab
  artifactKey: Guid(ac85c0d5a38835b4cacf5c80c84be6c5) Importer(815301076,1909f56bfc062723c751e8b465ee728b)
Start importing Assets/AreaEffector.prefab using Guid(ac85c0d5a38835b4cacf5c80c84be6c5) Importer(815301076,1909f56bfc062723c751e8b465ee728b)  -> (artifact id: '17230fa4ed8850641c473565e3002781') in 0.009153 seconds 
========================================================================
Received Prepare
Registering precompiled user dll's ...
Registered in 0.005542 seconds.
Begin MonoManager ReloadAssembly
Symbol file LoadedFromMemory doesn't match image C:\Users\fanta\Unity projects\Auditorium-IMB\Library\PackageCache\com.unity.visualscripting@1.7.8\Editor\VisualScripting.Core\Dependencies\YamlDotNet\Unity.VisualScripting.YamlDotNet.dll
Symbol file LoadedFromMemory doesn't match image C:\Users\fanta\Unity projects\Auditorium-IMB\Library\PackageCache\com.unity.visualscripting@1.7.8\Editor\VisualScripting.Core\Dependencies\DotNetZip\Unity.VisualScripting.IonicZip.dll
Native extension for WindowsStandalone target not found
Native extension for WebGL target not found
Refreshing native plugins compatible for Editor in 0.53 ms, found 3 plugins.
Preloading 0 native plugins for Editor in 0.00 ms.
Mono: successfully reloaded assembly
- Completed reload, in  0.875 seconds
Domain Reload Profiling:
	ReloadAssembly (876ms)
		BeginReloadAssembly (146ms)
			ExecutionOrderSort (0ms)
			DisableScriptedObjects (8ms)
			BackupInstance (0ms)
			ReleaseScriptingObjects (0ms)
			CreateAndSetChildDomain (36ms)
		EndReloadAssembly (653ms)
			LoadAssemblies (82ms)
			RebuildTransferFunctionScriptingTraits (0ms)
			SetupTypeCache (228ms)
			ReleaseScriptCaches (1ms)
			RebuildScriptCaches (32ms)
			SetupLoadedEditorAssemblies (283ms)
				LogAssemblyErrors (0ms)
				InitializePlatformSupportModulesInManaged (12ms)
				SetLoadedEditorAssemblies (0ms)
				RefreshPlugins (1ms)
				BeforeProcessingInitializeOnLoad (56ms)
				ProcessInitializeOnLoadAttributes (181ms)
				ProcessInitializeOnLoadMethodAttributes (27ms)
				AfterProcessingInitializeOnLoad (5ms)
				EditorAssembliesLoaded (0ms)
			ExecutionOrderSort2 (0ms)
			AwakeInstancesAfterBackupRestoration (5ms)
Platform modules already initialized, skipping
Refreshing native plugins compatible for Editor in 1.44 ms, found 3 plugins.
Preloading 0 native plugins for Editor in 0.00 ms.
Unloading 3370 Unused Serialized files (Serialized files now loaded: 0)
Unloading 21 unused Assets / (79.1 KB). Loaded Objects now: 3850.
Memory consumption went from 120.6 MB to 120.5 MB.
Total: 2.754400 ms (FindLiveObjects: 0.283400 ms CreateObjectMapping: 0.103000 ms MarkObjects: 2.279900 ms  DeleteObjects: 0.086800 ms)

AssetImportParameters requested are different than current active one (requested -> active):
  custom:video-decoder-ogg-theora: a1e56fd34408186e4bbccfd4996cb3dc -> 
  custom:container-muxer-webm: aa71ff27fc2769a1b78a27578f13a17b -> 
  custom:container-demuxer-webm: 4f35f7cbe854078d1ac9338744f61a02 -> 
  custom:video-encoder-webm-vp8: eb34c28f22e8b96e1ab97ce403110664 -> 
  custom:audio-encoder-webm-vorbis: bf7c407c2cedff20999df2af8eb42d56 -> 
  custom:framework-win-MediaFoundation: 216162199b28c13a410421893ffa2e32 -> 
  custom:container-demuxer-ogg: 62fdf1f143b41e24485cea50d1cbac27 -> 
  custom:video-decoder-webm-vp8: 9c59270c3fd7afecdb556c50c9e8de78 -> 
  custom:audio-decoder-ogg-vorbis: bf7c407c2cedff20999df2af8eb42d56 -> 
========================================================================
Received Prepare
Registering precompiled user dll's ...
Registered in 0.003540 seconds.
Begin MonoManager ReloadAssembly
Symbol file LoadedFromMemory doesn't match image C:\Users\fanta\Unity projects\Auditorium-IMB\Library\PackageCache\com.unity.visualscripting@1.7.8\Editor\VisualScripting.Core\Dependencies\YamlDotNet\Unity.VisualScripting.YamlDotNet.dll
Symbol file LoadedFromMemory doesn't match image C:\Users\fanta\Unity projects\Auditorium-IMB\Library\PackageCache\com.unity.visualscripting@1.7.8\Editor\VisualScripting.Core\Dependencies\DotNetZip\Unity.VisualScripting.IonicZip.dll
Native extension for WindowsStandalone target not found
Native extension for WebGL target not found
Refreshing native plugins compatible for Editor in 0.61 ms, found 3 plugins.
Preloading 0 native plugins for Editor in 0.00 ms.
Mono: successfully reloaded assembly
- Completed reload, in  0.817 seconds
Domain Reload Profiling:
	ReloadAssembly (818ms)
		BeginReloadAssembly (104ms)
			ExecutionOrderSort (0ms)
			DisableScriptedObjects (4ms)
			BackupInstance (0ms)
			ReleaseScriptingObjects (0ms)
			CreateAndSetChildDomain (30ms)
		EndReloadAssembly (640ms)
			LoadAssemblies (59ms)
			RebuildTransferFunctionScriptingTraits (0ms)
			SetupTypeCache (216ms)
			ReleaseScriptCaches (1ms)
			RebuildScriptCaches (34ms)
			SetupLoadedEditorAssemblies (281ms)
				LogAssemblyErrors (0ms)
				InitializePlatformSupportModulesInManaged (12ms)
				SetLoadedEditorAssemblies (0ms)
				RefreshPlugins (1ms)
				BeforeProcessingInitializeOnLoad (54ms)
				ProcessInitializeOnLoadAttributes (183ms)
				ProcessInitializeOnLoadMethodAttributes (24ms)
				AfterProcessingInitializeOnLoad (5ms)
				EditorAssembliesLoaded (0ms)
			ExecutionOrderSort2 (0ms)
			AwakeInstancesAfterBackupRestoration (6ms)
Platform modules already initialized, skipping
Refreshing native plugins compatible for Editor in 1.52 ms, found 3 plugins.
Preloading 0 native plugins for Editor in 0.00 ms.
Unloading 3370 Unused Serialized files (Serialized files now loaded: 0)
Unloading 20 unused Assets / (78.2 KB). Loaded Objects now: 3853.
Memory consumption went from 120.6 MB to 120.5 MB.
Total: 2.574500 ms (FindLiveObjects: 0.245600 ms CreateObjectMapping: 0.095500 ms MarkObjects: 2.139700 ms  DeleteObjects: 0.092700 ms)

AssetImportParameters requested are different than current active one (requested -> active):
  custom:video-decoder-ogg-theora: a1e56fd34408186e4bbccfd4996cb3dc -> 
  custom:container-muxer-webm: aa71ff27fc2769a1b78a27578f13a17b -> 
  custom:container-demuxer-webm: 4f35f7cbe854078d1ac9338744f61a02 -> 
  custom:video-encoder-webm-vp8: eb34c28f22e8b96e1ab97ce403110664 -> 
  custom:audio-encoder-webm-vorbis: bf7c407c2cedff20999df2af8eb42d56 -> 
  custom:framework-win-MediaFoundation: 216162199b28c13a410421893ffa2e32 -> 
  custom:container-demuxer-ogg: 62fdf1f143b41e24485cea50d1cbac27 -> 
  custom:video-decoder-webm-vp8: 9c59270c3fd7afecdb556c50c9e8de78 -> 
  custom:audio-decoder-ogg-vorbis: bf7c407c2cedff20999df2af8eb42d56 -> 
========================================================================
Received Import Request.
  Time since last request: 582.639543 seconds.
  path: Assets/Particle Generator.prefab
  artifactKey: Guid(f04f52c9872aa6040a054e787a07461f) Importer(815301076,1909f56bfc062723c751e8b465ee728b)
Start importing Assets/Particle Generator.prefab using Guid(f04f52c9872aa6040a054e787a07461f) Importer(815301076,1909f56bfc062723c751e8b465ee728b) Tried select unknown importer for id '-2' '00000000000000000000000000000000'
 -> (artifact id: 'c576a19eb5e183af87de06ebd1b58c44') in 0.089163 seconds 
========================================================================
Received Import Request.
  Time since last request: 1.531073 seconds.
  path: Assets/Particle Generator.prefab
  artifactKey: Guid(f04f52c9872aa6040a054e787a07461f) Importer(815301076,1909f56bfc062723c751e8b465ee728b)
Start importing Assets/Particle Generator.prefab using Guid(f04f52c9872aa6040a054e787a07461f) Importer(815301076,1909f56bfc062723c751e8b465ee728b) Tried select unknown importer for id '-2' '00000000000000000000000000000000'
 -> (artifact id: '528a84f3707a61deaf6d2ae9377ff2da') in 0.011823 seconds 
========================================================================
Received Import Request.
  Time since last request: 79.358066 seconds.
  path: Assets/Particle Generator.prefab
  artifactKey: Guid(f04f52c9872aa6040a054e787a07461f) Importer(815301076,1909f56bfc062723c751e8b465ee728b)
Start importing Assets/Particle Generator.prefab using Guid(f04f52c9872aa6040a054e787a07461f) Importer(815301076,1909f56bfc062723c751e8b465ee728b) Tried select unknown importer for id '-2' '00000000000000000000000000000000'
 -> (artifact id: '5c9653a2d5a42f81a761d6e467a37cb4') in 0.010143 seconds 
========================================================================
Received Import Request.
  Time since last request: 8.190695 seconds.
  path: Assets/Particle Generator.prefab
  artifactKey: Guid(f04f52c9872aa6040a054e787a07461f) Importer(815301076,1909f56bfc062723c751e8b465ee728b)
Start importing Assets/Particle Generator.prefab using Guid(f04f52c9872aa6040a054e787a07461f) Importer(815301076,1909f56bfc062723c751e8b465ee728b) Tried select unknown importer for id '-2' '00000000000000000000000000000000'
 -> (artifact id: '835a407b538a292757ff1c32b3f2e5e5') in 0.010157 seconds 
========================================================================
Received Prepare
Registering precompiled user dll's ...
Registered in 0.003546 seconds.
Begin MonoManager ReloadAssembly
Symbol file LoadedFromMemory doesn't match image C:\Users\fanta\Unity projects\Auditorium-IMB\Library\PackageCache\com.unity.visualscripting@1.7.8\Editor\VisualScripting.Core\Dependencies\YamlDotNet\Unity.VisualScripting.YamlDotNet.dll
Symbol file LoadedFromMemory doesn't match image C:\Users\fanta\Unity projects\Auditorium-IMB\Library\PackageCache\com.unity.visualscripting@1.7.8\Editor\VisualScripting.Core\Dependencies\DotNetZip\Unity.VisualScripting.IonicZip.dll
Native extension for WindowsStandalone target not found
Native extension for WebGL target not found
Refreshing native plugins compatible for Editor in 0.61 ms, found 3 plugins.
Preloading 0 native plugins for Editor in 0.00 ms.
Mono: successfully reloaded assembly
- Completed reload, in  0.864 seconds
Domain Reload Profiling:
	ReloadAssembly (865ms)
		BeginReloadAssembly (111ms)
			ExecutionOrderSort (0ms)
			DisableScriptedObjects (3ms)
			BackupInstance (0ms)
			ReleaseScriptingObjects (0ms)
			CreateAndSetChildDomain (36ms)
		EndReloadAssembly (677ms)
			LoadAssemblies (63ms)
			RebuildTransferFunctionScriptingTraits (0ms)
			SetupTypeCache (228ms)
			ReleaseScriptCaches (1ms)
			RebuildScriptCaches (37ms)
			SetupLoadedEditorAssemblies (306ms)
				LogAssemblyErrors (0ms)
				InitializePlatformSupportModulesInManaged (14ms)
				SetLoadedEditorAssemblies (1ms)
				RefreshPlugins (1ms)
				BeforeProcessingInitializeOnLoad (59ms)
				ProcessInitializeOnLoadAttributes (200ms)
				ProcessInitializeOnLoadMethodAttributes (25ms)
				AfterProcessingInitializeOnLoad (6ms)
				EditorAssembliesLoaded (0ms)
			ExecutionOrderSort2 (0ms)
			AwakeInstancesAfterBackupRestoration (5ms)
Platform modules already initialized, skipping
Refreshing native plugins compatible for Editor in 1.74 ms, found 3 plugins.
Preloading 0 native plugins for Editor in 0.00 ms.
Unloading 3370 Unused Serialized files (Serialized files now loaded: 0)
Unloading 20 unused Assets / (78.1 KB). Loaded Objects now: 3856.
Memory consumption went from 120.6 MB to 120.5 MB.
Total: 3.319200 ms (FindLiveObjects: 0.289500 ms CreateObjectMapping: 0.126100 ms MarkObjects: 2.659400 ms  DeleteObjects: 0.242900 ms)

AssetImportParameters requested are different than current active one (requested -> active):
  custom:video-decoder-ogg-theora: a1e56fd34408186e4bbccfd4996cb3dc -> 
  custom:container-muxer-webm: aa71ff27fc2769a1b78a27578f13a17b -> 
  custom:container-demuxer-webm: 4f35f7cbe854078d1ac9338744f61a02 -> 
  custom:video-encoder-webm-vp8: eb34c28f22e8b96e1ab97ce403110664 -> 
  custom:audio-encoder-webm-vorbis: bf7c407c2cedff20999df2af8eb42d56 -> 
  custom:framework-win-MediaFoundation: 216162199b28c13a410421893ffa2e32 -> 
  custom:container-demuxer-ogg: 62fdf1f143b41e24485cea50d1cbac27 -> 
  custom:video-decoder-webm-vp8: 9c59270c3fd7afecdb556c50c9e8de78 -> 
  custom:audio-decoder-ogg-vorbis: bf7c407c2cedff20999df2af8eb42d56 -> 
========================================================================
Received Prepare
Registering precompiled user dll's ...
Registered in 0.004021 seconds.
Begin MonoManager ReloadAssembly
Symbol file LoadedFromMemory doesn't match image C:\Users\fanta\Unity projects\Auditorium-IMB\Library\PackageCache\com.unity.visualscripting@1.7.8\Editor\VisualScripting.Core\Dependencies\YamlDotNet\Unity.VisualScripting.YamlDotNet.dll
Symbol file LoadedFromMemory doesn't match image C:\Users\fanta\Unity projects\Auditorium-IMB\Library\PackageCache\com.unity.visualscripting@1.7.8\Editor\VisualScripting.Core\Dependencies\DotNetZip\Unity.VisualScripting.IonicZip.dll
Native extension for WindowsStandalone target not found
Native extension for WebGL target not found
Refreshing native plugins compatible for Editor in 0.66 ms, found 3 plugins.
Preloading 0 native plugins for Editor in 0.00 ms.
Mono: successfully reloaded assembly
- Completed reload, in  0.873 seconds
Domain Reload Profiling:
	ReloadAssembly (873ms)
		BeginReloadAssembly (109ms)
			ExecutionOrderSort (0ms)
			DisableScriptedObjects (4ms)
			BackupInstance (0ms)
			ReleaseScriptingObjects (0ms)
			CreateAndSetChildDomain (30ms)
		EndReloadAssembly (685ms)
			LoadAssemblies (64ms)
			RebuildTransferFunctionScriptingTraits (0ms)
			SetupTypeCache (222ms)
			ReleaseScriptCaches (1ms)
			RebuildScriptCaches (42ms)
			SetupLoadedEditorAssemblies (306ms)
				LogAssemblyErrors (0ms)
				InitializePlatformSupportModulesInManaged (13ms)
				SetLoadedEditorAssemblies (1ms)
				RefreshPlugins (1ms)
				BeforeProcessingInitializeOnLoad (60ms)
				ProcessInitializeOnLoadAttributes (198ms)
				ProcessInitializeOnLoadMethodAttributes (27ms)
				AfterProcessingInitializeOnLoad (6ms)
				EditorAssembliesLoaded (0ms)
			ExecutionOrderSort2 (0ms)
			AwakeInstancesAfterBackupRestoration (7ms)
Platform modules already initialized, skipping
Refreshing native plugins compatible for Editor in 2.24 ms, found 3 plugins.
Preloading 0 native plugins for Editor in 0.00 ms.
Unloading 3370 Unused Serialized files (Serialized files now loaded: 0)
Unloading 20 unused Assets / (78.3 KB). Loaded Objects now: 3859.
Memory consumption went from 120.6 MB to 120.5 MB.
Total: 2.994200 ms (FindLiveObjects: 0.237100 ms CreateObjectMapping: 0.091800 ms MarkObjects: 2.574000 ms  DeleteObjects: 0.090200 ms)

AssetImportParameters requested are different than current active one (requested -> active):
  custom:video-decoder-ogg-theora: a1e56fd34408186e4bbccfd4996cb3dc -> 
  custom:container-muxer-webm: aa71ff27fc2769a1b78a27578f13a17b -> 
  custom:container-demuxer-webm: 4f35f7cbe854078d1ac9338744f61a02 -> 
  custom:video-encoder-webm-vp8: eb34c28f22e8b96e1ab97ce403110664 -> 
  custom:audio-encoder-webm-vorbis: bf7c407c2cedff20999df2af8eb42d56 -> 
  custom:framework-win-MediaFoundation: 216162199b28c13a410421893ffa2e32 -> 
  custom:container-demuxer-ogg: 62fdf1f143b41e24485cea50d1cbac27 -> 
  custom:video-decoder-webm-vp8: 9c59270c3fd7afecdb556c50c9e8de78 -> 
  custom:audio-decoder-ogg-vorbis: bf7c407c2cedff20999df2af8eb42d56 -> 
